        -:    0:Source:C:/www/AdlerCov/demo_projects/cpp/project/src/advanced_calculator.cpp
        -:    0:Graph:C:\www\AdlerCov\demo_projects\cpp\project\build\CMakeFiles\app_lib.dir\src\advanced_calculator.cpp.gcno
        -:    0:Data:C:\www\AdlerCov\demo_projects\cpp\project\build\CMakeFiles\app_lib.dir\src\advanced_calculator.cpp.gcda
        -:    0:Runs:2
        -:    1:#include "advanced_calculator.h"
        -:    2:#include <stdexcept>
        -:    3:
function _ZN18AdvancedCalculator5powerEdi called 2 returned 100% blocks executed 60%
        2:    4:double AdvancedCalculator::power(double base, int exp) {
        2:    5:    if (exp == 0) {
branch  0 taken 1 (fallthrough)
branch  1 taken 1
        1:    6:        return 1.0;
unconditional  0 taken 1
        -:    7:    }
        -:    8:
        1:    9:    double result = 1.0;
        1:   10:    int positive_exp = exp > 0 ? exp : -exp;
        4:   11:    for (int i = 0; i < positive_exp; ++i) {
unconditional  0 taken 1
branch  1 taken 3
branch  2 taken 1 (fallthrough)
        3:   12:        result *= base;
unconditional  0 taken 3
        -:   13:    }
        -:   14:
        1:   15:    if (exp < 0) {
branch  0 taken 0 (fallthrough)
branch  1 taken 1
        -:   16:        // This branch for negative exponents is deliberately left untested.
    #####:   17:        if (result == 0.0) {
branch  0 never executed (fallthrough)
branch  1 never executed
    #####:   18:            throw std::runtime_error("Division by zero in power calculation.");
call    0 never executed
call    1 never executed
branch  2 never executed (fallthrough)
branch  3 never executed (throw)
call    4 never executed
call    5 never executed
        -:   19:        }
    #####:   20:        return 1.0 / result;
unconditional  0 never executed
        -:   21:    }
        1:   22:    return result;
unconditional  0 taken 1
        -:   23:}
        -:   24:
function _ZN18AdvancedCalculator7averageERKSt6vectorIdSaIdEE called 1 returned 100% blocks executed 88%
        1:   25:double AdvancedCalculator::average(const std::vector<double>& numbers) {
        1:   26:    if (numbers.empty()) {
call    0 returned 1
branch  1 taken 0 (fallthrough)
branch  2 taken 1
        -:   27:        // This branch is deliberately left untested.
    #####:   28:        return 0.0;
unconditional  0 never executed
        -:   29:    }
        1:   30:    double sum = basic_calc_.sum(numbers);
call    0 returned 1
        1:   31:    return basic_calc_.divide(sum, static_cast<double>(numbers.size()));
call    0 returned 1
call    1 returned 1
unconditional  2 taken 1
        -:   32:}
