SF:Testprojects\Go\calculator\calculator.go
FN:4,Add
FNDA:1,Add
FN:9,Subtract
FNDA:1,Subtract
FN:15,Multiply
FNDA:1,Multiply
FN:24,Divide
FNDA:1,Divide
FN:34,GetGradeForScore
FNDA:1,GetGradeForScore
FNF:5
FNH:5
DA:4,1
DA:5,1
DA:9,1
DA:10,1
DA:15,1
DA:16,1
DA:17,1
DA:19,0
DA:24,1
DA:25,1
DA:26,0
DA:28,1
DA:34,1
DA:35,1
DA:36,1
DA:37,1
DA:41,1
DA:42,1
DA:43,1
DA:44,1
DA:45,1
DA:46,0
DA:47,0
DA:48,1
DA:49,1
DA:50,1
DA:51,1
LF:27
LH:23
end_of_record
SF:Testprojects\Go\calculator\entities.go
FN:11,(*Counter).Increment
FNDA:1,(*Counter).Increment
FN:16,(Counter).Value
FNDA:1,(Counter).Value
FN:22,(*Counter).Add
FNDA:1,(*Counter).Add
FN:37,NewMessageBuilder
FNDA:0,NewMessageBuilder
FN:45,(*MessageBuilder).Greet
FNDA:1,(*MessageBuilder).Greet
FN:54,unexportedHelper
FNDA:1,unexportedHelper
FNF:6
FNH:5
DA:11,1
DA:12,1
DA:16,1
DA:17,1
DA:22,1
DA:23,1
DA:24,1
DA:25,1
DA:27,1
DA:37,0
DA:38,0
DA:39,0
DA:41,0
DA:45,1
DA:46,1
DA:47,1
DA:49,1
DA:54,1
DA:55,1
LF:19
LH:15
end_of_record
SF:Testprojects\Go\calculator_2\calculator.go
FN:4,Add
FNDA:1,Add
FN:9,Subtract
FNDA:1,Subtract
FN:15,Multiply
FNDA:0,Multiply
FN:24,Divide
FNDA:1,Divide
FN:34,GetGradeForScore
FNDA:1,GetGradeForScore
FNF:5
FNH:4
DA:4,1
DA:5,1
DA:9,1
DA:10,1
DA:15,0
DA:16,0
DA:17,0
DA:19,0
DA:24,1
DA:25,1
DA:26,0
DA:28,1
DA:34,1
DA:35,1
DA:36,1
DA:37,1
DA:41,1
DA:42,1
DA:43,1
DA:44,1
DA:45,1
DA:46,0
DA:47,0
DA:48,1
DA:49,1
DA:50,1
DA:51,1
LF:27
LH:20
end_of_record
SF:Testprojects\Go\calculator_2\entities.go
FN:11,(*Counter).Increment
FNDA:0,(*Counter).Increment
FN:16,(Counter).Value
FNDA:0,(Counter).Value
FN:22,(*Counter).Add
FNDA:0,(*Counter).Add
FN:37,NewMessageBuilder
FNDA:0,NewMessageBuilder
FN:45,(*MessageBuilder).Greet
FNDA:1,(*MessageBuilder).Greet
FN:54,unexportedHelper
FNDA:0,unexportedHelper
FNF:6
FNH:1
DA:11,0
DA:12,0
DA:16,0
DA:17,0
DA:22,0
DA:23,0
DA:24,0
DA:25,0
DA:27,0
DA:37,0
DA:38,0
DA:39,0
DA:41,0
DA:45,1
DA:46,1
DA:47,1
DA:49,1
DA:54,0
DA:55,0
LF:19
LH:4
end_of_record
