<?xml version="1.0" encoding="UTF-8"?>
<!DOCTYPE coverage SYSTEM "http://cobertura.sourceforge.net/xml/coverage-04.dtd">
<coverage line-rate="0.6403509" branch-rate="0" version="" timestamp="1752955177865" lines-covered="73" lines-valid="114" branches-covered="0" branches-valid="0" complexity="0">
  <sources>
    <source>C:\www\AdlerCov\Testprojects\Go</source>
  </sources>
  <packages>
    <package name="test_project_go/calculator" line-rate="0.80701756" branch-rate="0" complexity="0">
      <classes>
        <class name="-" filename="calculator/calculator.go" line-rate="0.8125" branch-rate="0" complexity="0">
          <methods>
            <method name="Add" signature="" line-rate="1" branch-rate="0" complexity="0">
              <lines>
                <line number="4" hits="1"></line>
                <line number="5" hits="1"></line>
                <line number="6" hits="1"></line>
              </lines>
            </method>
            <method name="Subtract" signature="" line-rate="1" branch-rate="0" complexity="0">
              <lines>
                <line number="9" hits="1"></line>
                <line number="10" hits="1"></line>
                <line number="11" hits="1"></line>
              </lines>
            </method>
            <method name="Multiply" signature="" line-rate="0.8" branch-rate="0" complexity="0">
              <lines>
                <line number="15" hits="1"></line>
                <line number="16" hits="1"></line>
                <line number="17" hits="1"></line>
                <line number="18" hits="1"></line>
                <line number="19" hits="0"></line>
              </lines>
            </method>
            <method name="Divide" signature="" line-rate="0.4" branch-rate="0" complexity="0">
              <lines>
                <line number="24" hits="1"></line>
                <line number="25" hits="0"></line>
                <line number="26" hits="0"></line>
                <line number="27" hits="0"></line>
                <line number="28" hits="1"></line>
              </lines>
            </method>
            <method name="GetGradeForScore" signature="" line-rate="0.875" branch-rate="0" complexity="0">
              <lines>
                <line number="34" hits="1"></line>
                <line number="35" hits="1"></line>
                <line number="36" hits="1"></line>
                <line number="37" hits="1"></line>
                <line number="38" hits="1"></line>
                <line number="41" hits="1"></line>
                <line number="42" hits="1"></line>
                <line number="43" hits="1"></line>
                <line number="44" hits="1"></line>
                <line number="45" hits="1"></line>
                <line number="46" hits="0"></line>
                <line number="47" hits="0"></line>
                <line number="48" hits="1"></line>
                <line number="49" hits="1"></line>
                <line number="50" hits="1"></line>
                <line number="51" hits="1"></line>
              </lines>
            </method>
          </methods>
          <lines>
            <line number="4" hits="1"></line>
            <line number="5" hits="1"></line>
            <line number="6" hits="1"></line>
            <line number="9" hits="1"></line>
            <line number="10" hits="1"></line>
            <line number="11" hits="1"></line>
            <line number="15" hits="1"></line>
            <line number="16" hits="1"></line>
            <line number="17" hits="1"></line>
            <line number="18" hits="1"></line>
            <line number="19" hits="0"></line>
            <line number="24" hits="1"></line>
            <line number="25" hits="0"></line>
            <line number="26" hits="0"></line>
            <line number="27" hits="0"></line>
            <line number="28" hits="1"></line>
            <line number="34" hits="1"></line>
            <line number="35" hits="1"></line>
            <line number="36" hits="1"></line>
            <line number="37" hits="1"></line>
            <line number="38" hits="1"></line>
            <line number="41" hits="1"></line>
            <line number="42" hits="1"></line>
            <line number="43" hits="1"></line>
            <line number="44" hits="1"></line>
            <line number="45" hits="1"></line>
            <line number="46" hits="0"></line>
            <line number="47" hits="0"></line>
            <line number="48" hits="1"></line>
            <line number="49" hits="1"></line>
            <line number="50" hits="1"></line>
            <line number="51" hits="1"></line>
          </lines>
        </class>
        <class name="Counter" filename="calculator/entities.go" line-rate="1" branch-rate="0" complexity="0">
          <methods>
            <method name="Increment" signature="" line-rate="1" branch-rate="0" complexity="0">
              <lines>
                <line number="11" hits="1"></line>
                <line number="12" hits="1"></line>
                <line number="13" hits="1"></line>
              </lines>
            </method>
            <method name="Value" signature="" line-rate="1" branch-rate="0" complexity="0">
              <lines>
                <line number="16" hits="1"></line>
                <line number="17" hits="1"></line>
                <line number="18" hits="1"></line>
              </lines>
            </method>
            <method name="Add" signature="" line-rate="1" branch-rate="0" complexity="0">
              <lines>
                <line number="22" hits="1"></line>
                <line number="23" hits="1"></line>
                <line number="24" hits="1"></line>
                <line number="25" hits="1"></line>
                <line number="26" hits="1"></line>
                <line number="27" hits="1"></line>
              </lines>
            </method>
          </methods>
          <lines>
            <line number="11" hits="1"></line>
            <line number="12" hits="1"></line>
            <line number="13" hits="1"></line>
            <line number="16" hits="1"></line>
            <line number="17" hits="1"></line>
            <line number="18" hits="1"></line>
            <line number="22" hits="1"></line>
            <line number="23" hits="1"></line>
            <line number="24" hits="1"></line>
            <line number="25" hits="1"></line>
            <line number="26" hits="1"></line>
            <line number="27" hits="1"></line>
          </lines>
        </class>
        <class name="-" filename="calculator/entities.go" line-rate="0.375" branch-rate="0" complexity="0">
          <methods>
            <method name="NewMessageBuilder" signature="" line-rate="0" branch-rate="0" complexity="0">
              <lines>
                <line number="37" hits="0"></line>
                <line number="38" hits="0"></line>
                <line number="39" hits="0"></line>
                <line number="40" hits="0"></line>
                <line number="41" hits="0"></line>
              </lines>
            </method>
            <method name="unexportedHelper" signature="" line-rate="1" branch-rate="0" complexity="0">
              <lines>
                <line number="54" hits="1"></line>
                <line number="55" hits="1"></line>
                <line number="56" hits="1"></line>
              </lines>
            </method>
          </methods>
          <lines>
            <line number="37" hits="0"></line>
            <line number="38" hits="0"></line>
            <line number="39" hits="0"></line>
            <line number="40" hits="0"></line>
            <line number="41" hits="0"></line>
            <line number="54" hits="1"></line>
            <line number="55" hits="1"></line>
            <line number="56" hits="1"></line>
          </lines>
        </class>
        <class name="MessageBuilder" filename="calculator/entities.go" line-rate="1" branch-rate="0" complexity="0">
          <methods>
            <method name="Greet" signature="" line-rate="1" branch-rate="0" complexity="0">
              <lines>
                <line number="45" hits="1"></line>
                <line number="46" hits="1"></line>
                <line number="47" hits="1"></line>
                <line number="48" hits="1"></line>
                <line number="49" hits="1"></line>
              </lines>
            </method>
          </methods>
          <lines>
            <line number="45" hits="1"></line>
            <line number="46" hits="1"></line>
            <line number="47" hits="1"></line>
            <line number="48" hits="1"></line>
            <line number="49" hits="1"></line>
          </lines>
        </class>
      </classes>
    </package>
    <package name="test_project_go/calculator_2" line-rate="0.47368422" branch-rate="0" complexity="0">
      <classes>
        <class name="-" filename="calculator_2/calculator.go" line-rate="0.6875" branch-rate="0" complexity="0">
          <methods>
            <method name="Add" signature="" line-rate="1" branch-rate="0" complexity="0">
              <lines>
                <line number="4" hits="1"></line>
                <line number="5" hits="1"></line>
                <line number="6" hits="1"></line>
              </lines>
            </method>
            <method name="Subtract" signature="" line-rate="1" branch-rate="0" complexity="0">
              <lines>
                <line number="9" hits="1"></line>
                <line number="10" hits="1"></line>
                <line number="11" hits="1"></line>
              </lines>
            </method>
            <method name="Multiply" signature="" line-rate="0" branch-rate="0" complexity="0">
              <lines>
                <line number="15" hits="0"></line>
                <line number="16" hits="0"></line>
                <line number="17" hits="0"></line>
                <line number="18" hits="0"></line>
                <line number="19" hits="0"></line>
              </lines>
            </method>
            <method name="Divide" signature="" line-rate="0.4" branch-rate="0" complexity="0">
              <lines>
                <line number="24" hits="1"></line>
                <line number="25" hits="0"></line>
                <line number="26" hits="0"></line>
                <line number="27" hits="0"></line>
                <line number="28" hits="1"></line>
              </lines>
            </method>
            <method name="GetGradeForScore" signature="" line-rate="0.875" branch-rate="0" complexity="0">
              <lines>
                <line number="34" hits="1"></line>
                <line number="35" hits="1"></line>
                <line number="36" hits="1"></line>
                <line number="37" hits="1"></line>
                <line number="38" hits="1"></line>
                <line number="41" hits="1"></line>
                <line number="42" hits="1"></line>
                <line number="43" hits="1"></line>
                <line number="44" hits="1"></line>
                <line number="45" hits="1"></line>
                <line number="46" hits="0"></line>
                <line number="47" hits="0"></line>
                <line number="48" hits="1"></line>
                <line number="49" hits="1"></line>
                <line number="50" hits="1"></line>
                <line number="51" hits="1"></line>
              </lines>
            </method>
          </methods>
          <lines>
            <line number="4" hits="1"></line>
            <line number="5" hits="1"></line>
            <line number="6" hits="1"></line>
            <line number="9" hits="1"></line>
            <line number="10" hits="1"></line>
            <line number="11" hits="1"></line>
            <line number="15" hits="0"></line>
            <line number="16" hits="0"></line>
            <line number="17" hits="0"></line>
            <line number="18" hits="0"></line>
            <line number="19" hits="0"></line>
            <line number="24" hits="1"></line>
            <line number="25" hits="0"></line>
            <line number="26" hits="0"></line>
            <line number="27" hits="0"></line>
            <line number="28" hits="1"></line>
            <line number="34" hits="1"></line>
            <line number="35" hits="1"></line>
            <line number="36" hits="1"></line>
            <line number="37" hits="1"></line>
            <line number="38" hits="1"></line>
            <line number="41" hits="1"></line>
            <line number="42" hits="1"></line>
            <line number="43" hits="1"></line>
            <line number="44" hits="1"></line>
            <line number="45" hits="1"></line>
            <line number="46" hits="0"></line>
            <line number="47" hits="0"></line>
            <line number="48" hits="1"></line>
            <line number="49" hits="1"></line>
            <line number="50" hits="1"></line>
            <line number="51" hits="1"></line>
          </lines>
        </class>
        <class name="Counter" filename="calculator_2/entities.go" line-rate="0" branch-rate="0" complexity="0">
          <methods>
            <method name="Increment" signature="" line-rate="0" branch-rate="0" complexity="0">
              <lines>
                <line number="11" hits="0"></line>
                <line number="12" hits="0"></line>
                <line number="13" hits="0"></line>
              </lines>
            </method>
            <method name="Value" signature="" line-rate="0" branch-rate="0" complexity="0">
              <lines>
                <line number="16" hits="0"></line>
                <line number="17" hits="0"></line>
                <line number="18" hits="0"></line>
              </lines>
            </method>
            <method name="Add" signature="" line-rate="0" branch-rate="0" complexity="0">
              <lines>
                <line number="22" hits="0"></line>
                <line number="23" hits="0"></line>
                <line number="24" hits="0"></line>
                <line number="25" hits="0"></line>
                <line number="26" hits="0"></line>
                <line number="27" hits="0"></line>
              </lines>
            </method>
          </methods>
          <lines>
            <line number="11" hits="0"></line>
            <line number="12" hits="0"></line>
            <line number="13" hits="0"></line>
            <line number="16" hits="0"></line>
            <line number="17" hits="0"></line>
            <line number="18" hits="0"></line>
            <line number="22" hits="0"></line>
            <line number="23" hits="0"></line>
            <line number="24" hits="0"></line>
            <line number="25" hits="0"></line>
            <line number="26" hits="0"></line>
            <line number="27" hits="0"></line>
          </lines>
        </class>
        <class name="-" filename="calculator_2/entities.go" line-rate="0" branch-rate="0" complexity="0">
          <methods>
            <method name="NewMessageBuilder" signature="" line-rate="0" branch-rate="0" complexity="0">
              <lines>
                <line number="37" hits="0"></line>
                <line number="38" hits="0"></line>
                <line number="39" hits="0"></line>
                <line number="40" hits="0"></line>
                <line number="41" hits="0"></line>
              </lines>
            </method>
            <method name="unexportedHelper" signature="" line-rate="0" branch-rate="0" complexity="0">
              <lines>
                <line number="54" hits="0"></line>
                <line number="55" hits="0"></line>
                <line number="56" hits="0"></line>
              </lines>
            </method>
          </methods>
          <lines>
            <line number="37" hits="0"></line>
            <line number="38" hits="0"></line>
            <line number="39" hits="0"></line>
            <line number="40" hits="0"></line>
            <line number="41" hits="0"></line>
            <line number="54" hits="0"></line>
            <line number="55" hits="0"></line>
            <line number="56" hits="0"></line>
          </lines>
        </class>
        <class name="MessageBuilder" filename="calculator_2/entities.go" line-rate="1" branch-rate="0" complexity="0">
          <methods>
            <method name="Greet" signature="" line-rate="1" branch-rate="0" complexity="0">
              <lines>
                <line number="45" hits="1"></line>
                <line number="46" hits="1"></line>
                <line number="47" hits="1"></line>
                <line number="48" hits="1"></line>
                <line number="49" hits="1"></line>
              </lines>
            </method>
          </methods>
          <lines>
            <line number="45" hits="1"></line>
            <line number="46" hits="1"></line>
            <line number="47" hits="1"></line>
            <line number="48" hits="1"></line>
            <line number="49" hits="1"></line>
          </lines>
        </class>
      </classes>
    </package>
  </packages>
</coverage>
